This is pdfTeX, Version 3.141592653-2.6-1.40.25 (TeX Live 2023/Debian) (preloaded format=pdflatex 2024.8.5)  24 JAN 2025 13:13
entering extended mode
 restricted \write18 enabled.
 %&-line parsing enabled.
**main.tex
(./main.tex
LaTeX2e <2023-11-01> patch level 1
L3 programming layer <2024-01-22>
(/usr/share/texlive/texmf-dist/tex/latex/base/article.cls
Document Class: article 2023/05/17 v1.4n Standard LaTeX document class
(/usr/share/texlive/texmf-dist/tex/latex/base/size12.clo
File: size12.clo 2023/05/17 v1.4n Standard LaTeX file (size option)
)
\c@part=\count187
\c@section=\count188
\c@subsection=\count189
\c@subsubsection=\count190
\c@paragraph=\count191
\c@subparagraph=\count192
\c@figure=\count193
\c@table=\count194
\abovecaptionskip=\skip48
\belowcaptionskip=\skip49
\bibindent=\dimen140
)
(/usr/share/texlive/texmf-dist/tex/latex/graphics/graphicx.sty
Package: graphicx 2021/09/16 v1.2d Enhanced LaTeX Graphics (DPC,SPQR)

(/usr/share/texlive/texmf-dist/tex/latex/graphics/keyval.sty
Package: keyval 2022/05/29 v1.15 key=value parser (DPC)
\KV@toks@=\toks17
)
(/usr/share/texlive/texmf-dist/tex/latex/graphics/graphics.sty
Package: graphics 2022/03/10 v1.4e Standard LaTeX Graphics (DPC,SPQR)

(/usr/share/texlive/texmf-dist/tex/latex/graphics/trig.sty
Package: trig 2021/08/11 v1.11 sin cos tan (DPC)
)
(/usr/share/texlive/texmf-dist/tex/latex/graphics-cfg/graphics.cfg
File: graphics.cfg 2016/06/04 v1.11 sample graphics configuration
)
Package graphics Info: Driver file: pdftex.def on input line 107.

(/usr/share/texlive/texmf-dist/tex/latex/graphics-def/pdftex.def
File: pdftex.def 2022/09/22 v1.2b Graphics/color driver for pdftex
))
\Gin@req@height=\dimen141
\Gin@req@width=\dimen142
)
(/usr/share/texlive/texmf-dist/tex/latex/amsmath/amsmath.sty
Package: amsmath 2023/05/13 v2.17o AMS math features
\@mathmargin=\skip50

For additional information on amsmath, use the `?' option.
(/usr/share/texlive/texmf-dist/tex/latex/amsmath/amstext.sty
Package: amstext 2021/08/26 v2.01 AMS text

(/usr/share/texlive/texmf-dist/tex/latex/amsmath/amsgen.sty
File: amsgen.sty 1999/11/30 v2.0 generic functions
\@emptytoks=\toks18
\ex@=\dimen143
))
(/usr/share/texlive/texmf-dist/tex/latex/amsmath/amsbsy.sty
Package: amsbsy 1999/11/29 v1.2d Bold Symbols
\pmbraise@=\dimen144
)
(/usr/share/texlive/texmf-dist/tex/latex/amsmath/amsopn.sty
Package: amsopn 2022/04/08 v2.04 operator names
)
\inf@bad=\count195
LaTeX Info: Redefining \frac on input line 234.
\uproot@=\count196
\leftroot@=\count197
LaTeX Info: Redefining \overline on input line 399.
LaTeX Info: Redefining \colon on input line 410.
\classnum@=\count198
\DOTSCASE@=\count199
LaTeX Info: Redefining \ldots on input line 496.
LaTeX Info: Redefining \dots on input line 499.
LaTeX Info: Redefining \cdots on input line 620.
\Mathstrutbox@=\box51
\strutbox@=\box52
LaTeX Info: Redefining \big on input line 722.
LaTeX Info: Redefining \Big on input line 723.
LaTeX Info: Redefining \bigg on input line 724.
LaTeX Info: Redefining \Bigg on input line 725.
\big@size=\dimen145
LaTeX Font Info:    Redeclaring font encoding OML on input line 743.
LaTeX Font Info:    Redeclaring font encoding OMS on input line 744.
\macc@depth=\count266
LaTeX Info: Redefining \bmod on input line 905.
LaTeX Info: Redefining \pmod on input line 910.
LaTeX Info: Redefining \smash on input line 940.
LaTeX Info: Redefining \relbar on input line 970.
LaTeX Info: Redefining \Relbar on input line 971.
\c@MaxMatrixCols=\count267
\dotsspace@=\muskip16
\c@parentequation=\count268
\dspbrk@lvl=\count269
\tag@help=\toks19
\row@=\count270
\column@=\count271
\maxfields@=\count272
\andhelp@=\toks20
\eqnshift@=\dimen146
\alignsep@=\dimen147
\tagshift@=\dimen148
\tagwidth@=\dimen149
\totwidth@=\dimen150
\lineht@=\dimen151
\@envbody=\toks21
\multlinegap=\skip51
\multlinetaggap=\skip52
\mathdisplay@stack=\toks22
LaTeX Info: Redefining \[ on input line 2953.
LaTeX Info: Redefining \] on input line 2954.
)
(/usr/share/texlive/texmf-dist/tex/latex/hyperref/hyperref.sty
Package: hyperref 2024-01-20 v7.01h Hypertext links for LaTeX

(/usr/share/texlive/texmf-dist/tex/generic/iftex/iftex.sty
Package: iftex 2022/02/03 v1.0f TeX engine tests
)
(/usr/share/texlive/texmf-dist/tex/latex/kvsetkeys/kvsetkeys.sty
Package: kvsetkeys 2022-10-05 v1.19 Key value parser (HO)
)
(/usr/share/texlive/texmf-dist/tex/generic/kvdefinekeys/kvdefinekeys.sty
Package: kvdefinekeys 2019-12-19 v1.6 Define keys (HO)
)
(/usr/share/texlive/texmf-dist/tex/generic/pdfescape/pdfescape.sty
Package: pdfescape 2019/12/09 v1.15 Implements pdfTeX's escape features (HO)

(/usr/share/texlive/texmf-dist/tex/generic/ltxcmds/ltxcmds.sty
Package: ltxcmds 2023-12-04 v1.26 LaTeX kernel commands for general use (HO)
)
(/usr/share/texlive/texmf-dist/tex/generic/pdftexcmds/pdftexcmds.sty
Package: pdftexcmds 2020-06-27 v0.33 Utility functions of pdfTeX for LuaTeX (HO
)

(/usr/share/texlive/texmf-dist/tex/generic/infwarerr/infwarerr.sty
Package: infwarerr 2019/12/03 v1.5 Providing info/warning/error messages (HO)
)
Package pdftexcmds Info: \pdf@primitive is available.
Package pdftexcmds Info: \pdf@ifprimitive is available.
Package pdftexcmds Info: \pdfdraftmode found.
))
(/usr/share/texlive/texmf-dist/tex/latex/hycolor/hycolor.sty
Package: hycolor 2020-01-27 v1.10 Color options for hyperref/bookmark (HO)
)
(/usr/share/texlive/texmf-dist/tex/latex/auxhook/auxhook.sty
Package: auxhook 2019-12-17 v1.6 Hooks for auxiliary files (HO)
)
(/usr/share/texlive/texmf-dist/tex/latex/hyperref/nameref.sty
Package: nameref 2023-11-26 v2.56 Cross-referencing by name of section

(/usr/share/texlive/texmf-dist/tex/latex/refcount/refcount.sty
Package: refcount 2019/12/15 v3.6 Data extraction from label references (HO)
)
(/usr/share/texlive/texmf-dist/tex/generic/gettitlestring/gettitlestring.sty
Package: gettitlestring 2019/12/15 v1.6 Cleanup title references (HO)

(/usr/share/texlive/texmf-dist/tex/latex/kvoptions/kvoptions.sty
Package: kvoptions 2022-06-15 v3.15 Key value format for package options (HO)
))
\c@section@level=\count273
)
(/usr/share/texlive/texmf-dist/tex/latex/etoolbox/etoolbox.sty
Package: etoolbox 2020/10/05 v2.5k e-TeX tools for LaTeX (JAW)
\etb@tempcnta=\count274
)
\@linkdim=\dimen152
\Hy@linkcounter=\count275
\Hy@pagecounter=\count276

(/usr/share/texlive/texmf-dist/tex/latex/hyperref/pd1enc.def
File: pd1enc.def 2024-01-20 v7.01h Hyperref: PDFDocEncoding definition (HO)
Now handling font encoding PD1 ...
... no UTF-8 mapping file for font encoding PD1
)
(/usr/share/texlive/texmf-dist/tex/generic/intcalc/intcalc.sty
Package: intcalc 2019/12/15 v1.3 Expandable calculations with integers (HO)
)
\Hy@SavedSpaceFactor=\count277

(/usr/share/texlive/texmf-dist/tex/latex/hyperref/puenc.def
File: puenc.def 2024-01-20 v7.01h Hyperref: PDF Unicode definition (HO)
Now handling font encoding PU ...
... no UTF-8 mapping file for font encoding PU
)
Package hyperref Info: Hyper figures OFF on input line 4179.
Package hyperref Info: Link nesting OFF on input line 4184.
Package hyperref Info: Hyper index ON on input line 4187.
Package hyperref Info: Plain pages OFF on input line 4194.
Package hyperref Info: Backreferencing OFF on input line 4199.
Package hyperref Info: Implicit mode ON; LaTeX internals redefined.
Package hyperref Info: Bookmarks ON on input line 4446.
\c@Hy@tempcnt=\count278

(/usr/share/texlive/texmf-dist/tex/latex/url/url.sty
\Urlmuskip=\muskip17
Package: url 2013/09/16  ver 3.4  Verb mode for urls, etc.
)
LaTeX Info: Redefining \url on input line 4784.
\XeTeXLinkMargin=\dimen153

(/usr/share/texlive/texmf-dist/tex/generic/bitset/bitset.sty
Package: bitset 2019/12/09 v1.3 Handle bit-vector datatype (HO)

(/usr/share/texlive/texmf-dist/tex/generic/bigintcalc/bigintcalc.sty
Package: bigintcalc 2019/12/15 v1.5 Expandable calculations on big integers (HO
)
))
\Fld@menulength=\count279
\Field@Width=\dimen154
\Fld@charsize=\dimen155
Package hyperref Info: Hyper figures OFF on input line 6063.
Package hyperref Info: Link nesting OFF on input line 6068.
Package hyperref Info: Hyper index ON on input line 6071.
Package hyperref Info: backreferencing OFF on input line 6078.
Package hyperref Info: Link coloring OFF on input line 6083.
Package hyperref Info: Link coloring with OCG OFF on input line 6088.
Package hyperref Info: PDF/A mode OFF on input line 6093.

(/usr/share/texlive/texmf-dist/tex/latex/base/atbegshi-ltx.sty
Package: atbegshi-ltx 2021/01/10 v1.0c Emulation of the original atbegshi
package with kernel methods
)
\Hy@abspage=\count280
\c@Item=\count281
\c@Hfootnote=\count282
)
Package hyperref Info: Driver (autodetected): hpdftex.

(/usr/share/texlive/texmf-dist/tex/latex/hyperref/hpdftex.def
File: hpdftex.def 2024-01-20 v7.01h Hyperref driver for pdfTeX

(/usr/share/texlive/texmf-dist/tex/latex/base/atveryend-ltx.sty
Package: atveryend-ltx 2020/08/19 v1.0a Emulation of the original atveryend pac
kage
with kernel methods
)
\Fld@listcount=\count283
\c@bookmark@seq@number=\count284

(/usr/share/texlive/texmf-dist/tex/latex/rerunfilecheck/rerunfilecheck.sty
Package: rerunfilecheck 2022-07-10 v1.10 Rerun checks for auxiliary files (HO)

(/usr/share/texlive/texmf-dist/tex/generic/uniquecounter/uniquecounter.sty
Package: uniquecounter 2019/12/15 v1.4 Provide unlimited unique counter (HO)
)
Package uniquecounter Info: New unique counter `rerunfilecheck' on input line 2
85.
)
\Hy@SectionHShift=\skip53
)
(/usr/share/texlive/texmf-dist/tex/latex/caption/caption.sty
Package: caption 2023/08/05 v3.6o Customizing captions (AR)

(/usr/share/texlive/texmf-dist/tex/latex/caption/caption3.sty
Package: caption3 2023/07/31 v2.4d caption3 kernel (AR)
\caption@tempdima=\dimen156
\captionmargin=\dimen157
\caption@leftmargin=\dimen158
\caption@rightmargin=\dimen159
\caption@width=\dimen160
\caption@indent=\dimen161
\caption@parindent=\dimen162
\caption@hangindent=\dimen163
Package caption Info: Standard document class detected.
)
\c@caption@flags=\count285
\c@continuedfloat=\count286
Package caption Info: hyperref package is loaded.
)
(/usr/share/texlive/texmf-dist/tex/latex/caption/subcaption.sty
Package: subcaption 2023/07/28 v1.6b Sub-captions (AR)
Package caption Info: New subtype `subfigure' on input line 238.
\c@subfigure=\count287
Package caption Info: New subtype `subtable' on input line 238.
\c@subtable=\count288
)
(/usr/share/texlive/texmf-dist/tex/latex/l3backend/l3backend-pdftex.def
File: l3backend-pdftex.def 2024-01-04 L3 backend support: PDF output (pdfTeX)
\l__color_backend_stack_int=\count289
\l__pdf_internal_box=\box53
)
(./main.aux)
\openout1 = `main.aux'.

LaTeX Font Info:    Checking defaults for OML/cmm/m/it on input line 12.
LaTeX Font Info:    ... okay on input line 12.
LaTeX Font Info:    Checking defaults for OMS/cmsy/m/n on input line 12.
LaTeX Font Info:    ... okay on input line 12.
LaTeX Font Info:    Checking defaults for OT1/cmr/m/n on input line 12.
LaTeX Font Info:    ... okay on input line 12.
LaTeX Font Info:    Checking defaults for T1/cmr/m/n on input line 12.
LaTeX Font Info:    ... okay on input line 12.
LaTeX Font Info:    Checking defaults for TS1/cmr/m/n on input line 12.
LaTeX Font Info:    ... okay on input line 12.
LaTeX Font Info:    Checking defaults for OMX/cmex/m/n on input line 12.
LaTeX Font Info:    ... okay on input line 12.
LaTeX Font Info:    Checking defaults for U/cmr/m/n on input line 12.
LaTeX Font Info:    ... okay on input line 12.
LaTeX Font Info:    Checking defaults for PD1/pdf/m/n on input line 12.
LaTeX Font Info:    ... okay on input line 12.
LaTeX Font Info:    Checking defaults for PU/pdf/m/n on input line 12.
LaTeX Font Info:    ... okay on input line 12.
 (/usr/share/texlive/texmf-dist/tex/context/base/mkii/supp-pdf.mkii
[Loading MPS to PDF converter (version 2006.09.02).]
\scratchcounter=\count290
\scratchdimen=\dimen164
\scratchbox=\box54
\nofMPsegments=\count291
\nofMParguments=\count292
\everyMPshowfont=\toks23
\MPscratchCnt=\count293
\MPscratchDim=\dimen165
\MPnumerator=\count294
\makeMPintoPDFobject=\count295
\everyMPtoPDFconversion=\toks24
) (/usr/share/texlive/texmf-dist/tex/latex/epstopdf-pkg/epstopdf-base.sty
Package: epstopdf-base 2020-01-24 v2.11 Base part for package epstopdf
Package epstopdf-base Info: Redefining graphics rule for `.eps' on input line 4
85.

(/usr/share/texlive/texmf-dist/tex/latex/latexconfig/epstopdf-sys.cfg
File: epstopdf-sys.cfg 2010/07/13 v1.3 Configuration of (r)epstopdf for TeX Liv
e
))
Package hyperref Info: Link coloring OFF on input line 12.

(./main.out) (./main.out)
\@outlinefile=\write3
\openout3 = `main.out'.

Package caption Info: Begin \AtBeginDocument code.
Package caption Info: End \AtBeginDocument code.

Underfull \hbox (badness 10000) in paragraph at lines 17--19

 []


Underfull \hbox (badness 10000) in paragraph at lines 31--32

 []


Underfull \hbox (badness 10000) in paragraph at lines 32--33

 []


Underfull \hbox (badness 10000) in paragraph at lines 33--34

 []

[1

{/var/lib/texmf/fonts/map/pdftex/updmap/pdftex.map}{/usr/share/texmf/fonts/enc/
dvips/cm-super/cm-super-ts1.enc}]
Underfull \hbox (badness 10000) in paragraph at lines 34--35

 []


Underfull \hbox (badness 10000) in paragraph at lines 35--36

 []


Underfull \hbox (badness 10000) in paragraph at lines 36--37

 []

<figs/fig1.jpeg, id=19, 1606.0pt x 1204.5pt>
File: figs/fig1.jpeg Graphic file (type jpg)
<use figs/fig1.jpeg>
Package pdftex.def Info: figs/fig1.jpeg  used on input line 55.
(pdftex.def)             Requested size: 150.0pt x 112.49887pt.

Overfull \hbox (140.0pt too wide) in paragraph at lines 55--56
[][] 
 []

<figs/fig1.png, id=20, 462.528pt x 346.896pt>
File: figs/fig1.png Graphic file (type png)
<use figs/fig1.png>
Package pdftex.def Info: figs/fig1.png  used on input line 59.
(pdftex.def)             Requested size: 150.0pt x 112.50166pt.

Overfull \hbox (140.0pt too wide) in paragraph at lines 59--60
[][] 
 []

<figs/fig1_1.jpeg, id=22, 1606.0pt x 1204.5pt>
File: figs/fig1_1.jpeg Graphic file (type jpg)
<use figs/fig1_1.jpeg>
Package pdftex.def Info: figs/fig1_1.jpeg  used on input line 63.
(pdftex.def)             Requested size: 150.0pt x 112.49887pt.

Overfull \hbox (140.0pt too wide) in paragraph at lines 63--64
[][] 
 []

[2]
<figs/fig2.jpeg, id=40, 1606.0pt x 1204.5pt>
File: figs/fig2.jpeg Graphic file (type jpg)
<use figs/fig2.jpeg>
Package pdftex.def Info: figs/fig2.jpeg  used on input line 69.
(pdftex.def)             Requested size: 150.0pt x 112.49887pt.

Overfull \hbox (140.0pt too wide) in paragraph at lines 69--70
[][] 
 []

<figs/fig2.png, id=41, 462.528pt x 346.896pt>
File: figs/fig2.png Graphic file (type png)
<use figs/fig2.png>
Package pdftex.def Info: figs/fig2.png  used on input line 73.
(pdftex.def)             Requested size: 150.0pt x 112.50166pt.

Overfull \hbox (140.0pt too wide) in paragraph at lines 73--74
[][] 
 []

<figs/fig2_1.jpeg, id=42, 1606.0pt x 1204.5pt>
File: figs/fig2_1.jpeg Graphic file (type jpg)
<use figs/fig2_1.jpeg>
Package pdftex.def Info: figs/fig2_1.jpeg  used on input line 77.
(pdftex.def)             Requested size: 150.0pt x 112.49887pt.

Overfull \hbox (140.0pt too wide) in paragraph at lines 77--78
[][] 
 []

<figs/fig3.jpeg, id=43, 1606.0pt x 1204.5pt>
File: figs/fig3.jpeg Graphic file (type jpg)
<use figs/fig3.jpeg>
Package pdftex.def Info: figs/fig3.jpeg  used on input line 83.
(pdftex.def)             Requested size: 150.0pt x 112.49887pt.

Overfull \hbox (140.0pt too wide) in paragraph at lines 83--84
[][] 
 []

<figs/fig3.png, id=44, 462.528pt x 346.896pt>
File: figs/fig3.png Graphic file (type png)
<use figs/fig3.png>
Package pdftex.def Info: figs/fig3.png  used on input line 87.
(pdftex.def)             Requested size: 150.0pt x 112.50166pt.

Overfull \hbox (140.0pt too wide) in paragraph at lines 87--88
[][] 
 []

<figs/fig3_1.jpeg, id=45, 1606.0pt x 1204.5pt>
File: figs/fig3_1.jpeg Graphic file (type jpg)
<use figs/fig3_1.jpeg>
Package pdftex.def Info: figs/fig3_1.jpeg  used on input line 91.
(pdftex.def)             Requested size: 150.0pt x 112.49887pt.

Overfull \hbox (140.0pt too wide) in paragraph at lines 91--92
[][] 
 []

<figs/fig4.jpeg, id=46, 1606.0pt x 1204.5pt>
File: figs/fig4.jpeg Graphic file (type jpg)
<use figs/fig4.jpeg>
Package pdftex.def Info: figs/fig4.jpeg  used on input line 97.
(pdftex.def)             Requested size: 150.0pt x 112.49887pt.

Overfull \hbox (140.0pt too wide) in paragraph at lines 97--98
[][] 
 []

<figs/fig4.png, id=47, 462.528pt x 346.896pt>
File: figs/fig4.png Graphic file (type png)
<use figs/fig4.png>
Package pdftex.def Info: figs/fig4.png  used on input line 101.
(pdftex.def)             Requested size: 150.0pt x 112.50166pt.

Overfull \hbox (140.0pt too wide) in paragraph at lines 101--102
[][] 
 []

<figs/fig4_1.jpeg, id=48, 1606.0pt x 1204.5pt>
File: figs/fig4_1.jpeg Graphic file (type jpg)
<use figs/fig4_1.jpeg>
Package pdftex.def Info: figs/fig4_1.jpeg  used on input line 105.
(pdftex.def)             Requested size: 150.0pt x 112.49887pt.

Overfull \hbox (140.0pt too wide) in paragraph at lines 105--106
[][] 
 []


LaTeX Warning: `!h' float specifier changed to `!ht'.

<figs/fig5.jpeg, id=49, 1606.0pt x 1204.5pt>
File: figs/fig5.jpeg Graphic file (type jpg)
<use figs/fig5.jpeg>
Package pdftex.def Info: figs/fig5.jpeg  used on input line 111.
(pdftex.def)             Requested size: 150.0pt x 112.49887pt.

Overfull \hbox (140.0pt too wide) in paragraph at lines 111--112
[][] 
 []

<figs/fig5.png, id=50, 462.528pt x 346.896pt>
File: figs/fig5.png Graphic file (type png)
<use figs/fig5.png>
Package pdftex.def Info: figs/fig5.png  used on input line 115.
(pdftex.def)             Requested size: 150.0pt x 112.50166pt.

Overfull \hbox (140.0pt too wide) in paragraph at lines 115--116
[][] 
 []

<figs/fig5_1.jpeg, id=51, 1606.0pt x 1204.5pt>
File: figs/fig5_1.jpeg Graphic file (type jpg)
<use figs/fig5_1.jpeg>
Package pdftex.def Info: figs/fig5_1.jpeg  used on input line 119.
(pdftex.def)             Requested size: 150.0pt x 112.49887pt.

Overfull \hbox (140.0pt too wide) in paragraph at lines 119--120
[][] 
 []


LaTeX Warning: `!h' float specifier changed to `!ht'.

<figs/fig6.jpeg, id=52, 1606.0pt x 1204.5pt>
File: figs/fig6.jpeg Graphic file (type jpg)
<use figs/fig6.jpeg>
Package pdftex.def Info: figs/fig6.jpeg  used on input line 125.
(pdftex.def)             Requested size: 150.0pt x 112.49887pt.

Overfull \hbox (140.0pt too wide) in paragraph at lines 125--126
[][] 
 []

<figs/fig6.png, id=53, 462.528pt x 346.896pt>
File: figs/fig6.png Graphic file (type png)
<use figs/fig6.png>
Package pdftex.def Info: figs/fig6.png  used on input line 129.
(pdftex.def)             Requested size: 150.0pt x 112.50166pt.

Overfull \hbox (140.0pt too wide) in paragraph at lines 129--130
[][] 
 []

<figs/fig6_1.jpeg, id=54, 1606.0pt x 1204.5pt>
File: figs/fig6_1.jpeg Graphic file (type jpg)
<use figs/fig6_1.jpeg>
Package pdftex.def Info: figs/fig6_1.jpeg  used on input line 133.
(pdftex.def)             Requested size: 150.0pt x 112.49887pt.

Overfull \hbox (140.0pt too wide) in paragraph at lines 133--134
[][] 
 []


LaTeX Warning: `!h' float specifier changed to `!ht'.

<figs/fig7.jpeg, id=55, 1606.0pt x 1204.5pt>
File: figs/fig7.jpeg Graphic file (type jpg)
<use figs/fig7.jpeg>
Package pdftex.def Info: figs/fig7.jpeg  used on input line 139.
(pdftex.def)             Requested size: 150.0pt x 112.49887pt.

Overfull \hbox (140.0pt too wide) in paragraph at lines 139--140
[][] 
 []

<figs/fig7.png, id=56, 462.528pt x 346.896pt>
File: figs/fig7.png Graphic file (type png)
<use figs/fig7.png>
Package pdftex.def Info: figs/fig7.png  used on input line 143.
(pdftex.def)             Requested size: 150.0pt x 112.50166pt.

Overfull \hbox (140.0pt too wide) in paragraph at lines 143--144
[][] 
 []

<figs/fig7_1.jpeg, id=57, 1606.0pt x 1204.5pt>
File: figs/fig7_1.jpeg Graphic file (type jpg)
<use figs/fig7_1.jpeg>
Package pdftex.def Info: figs/fig7_1.jpeg  used on input line 147.
(pdftex.def)             Requested size: 150.0pt x 112.49887pt.

Overfull \hbox (140.0pt too wide) in paragraph at lines 147--148
[][] 
 []


LaTeX Warning: `!h' float specifier changed to `!ht'.

[3 <./figs/fig1.jpeg> <./figs/fig1.png> <./figs/fig1_1.jpeg> <./figs/fig2.jpeg>
 <./figs/fig2.png> <./figs/fig2_1.jpeg> <./figs/fig3.jpeg> <./figs/fig3.png> <.
/figs/fig3_1.jpeg>] [4 <./figs/fig4.jpeg> <./figs/fig4.png> <./figs/fig4_1.jpeg
> <./figs/fig5.jpeg> <./figs/fig5.png> <./figs/fig5_1.jpeg> <./figs/fig6.jpeg> 
<./figs/fig6.png> <./figs/fig6_1.jpeg>] [5 <./figs/fig7.jpeg> <./figs/fig7.png>
 <./figs/fig7_1.jpeg>] (./main.aux)
 ***********
LaTeX2e <2023-11-01> patch level 1
L3 programming layer <2024-01-22>
 ***********
Package rerunfilecheck Info: File `main.out' has not changed.
(rerunfilecheck)             Checksum: D41D8CD98F00B204E9800998ECF8427E;0.
 ) 
Here is how much of TeX's memory you used:
 10604 strings out of 476188
 168740 string characters out of 5795815
 1931975 words of memory out of 5000000
 32480 multiletter control sequences out of 15000+600000
 562103 words of font info for 50 fonts, out of 8000000 for 9000
 14 hyphenation exceptions out of 8191
 75i,8n,79p,383b,528s stack positions out of 10000i,1000n,20000p,200000b,200000s
</usr/share/texlive/texmf-dist/fonts/type1/public/amsfonts/cm/cmbx12.pfb></us
r/share/texlive/texmf-dist/fonts/type1/public/amsfonts/cm/cmr12.pfb></usr/share
/texlive/texmf-dist/fonts/type1/public/amsfonts/cm/cmr17.pfb></usr/share/texliv
e/texmf-dist/fonts/type1/public/amsfonts/cm/cmti12.pfb></usr/share/texlive/texm
f-dist/fonts/type1/public/amsfonts/cm/cmtt12.pfb></usr/share/texmf/fonts/type1/
public/cm-super/sfrm1200.pfb>
Output written on main.pdf (5 pages, 3212995 bytes).
PDF statistics:
 124 PDF objects out of 1000 (max. 8388607)
 76 compressed objects within 1 object stream
 35 named destinations out of 1000 (max. 500000)
 106 words of extra memory for PDF output out of 10000 (max. 10000000)

